<?xml version="1.0" encoding="UTF-8"?>
<!-- Generated by org.testng.reporters.JUnitReportReporter -->
<testsuite hostname="Lakshmi" name="leaplogin.calculators" tests="3" failures="0" timestamp="9 Jul 2015 16:47:42 GMT" time="62.584" errors="0">
  <testcase name="testcalculators" time="21.779" classname="leaplogin.calculators"/>
  <testcase name="testcalculators" time="21.187" classname="leaplogin.calculators"/>
  <testcase name="testcalculators" time="19.618" classname="leaplogin.calculators"/>
</testsuite> <!-- leaplogin.calculators -->
