<?xml version="1.0" encoding="UTF-8"?>
<!-- Generated by org.testng.reporters.JUnitReportReporter -->
<testsuite hostname="Lakshmi" name="leaplogin.Leaplogin" tests="1" failures="0" timestamp="9 Jul 2015 23:01:08 GMT" time="42.639" errors="0">
  <testcase name="testLeaplogin" time="42.639" classname="leaplogin.Leaplogin"/>
</testsuite> <!-- leaplogin.Leaplogin -->
